You are using Xendit's TEST secret key. Please use your LIVE secret key when you are ready to go live.
10:04:31.693 Ably: Auth(): Warning: library initialized with a token literal without any way to renew the token when it expires (no authUrl, authCallback, or key). See https://help.ably.io/error/40171 for help
🚀 Fermion Business Engine running on port 3001
Get Cart Error: error: column p.price does not exist
    at /home/jrilym/Projects/Next/fermion-roastery/backend/node_modules/pg-pool/index.js:45:11
    at process.processTicksAndRejections (node:internal/process/task_queues:104:5)
    at async getCart (file:///home/jrilym/Projects/Next/fermion-roastery/backend/controllers/cartController.js:40:20) {
  length: 105,
  severity: 'ERROR',
  code: '42703',
  detail: undefined,
  hint: undefined,
  position: '44',
  internalPosition: undefined,
  internalQuery: undefined,
  where: undefined,
  schema: undefined,
  table: undefined,
  column: undefined,
  dataType: undefined,
  constraint: undefined,
  file: 'parse_relation.c',
  line: '3822',
  routine: 'errorMissingColumn'
}
Get Cart Error: error: column p.price does not exist
    at /home/jrilym/Projects/Next/fermion-roastery/backend/node_modules/pg-pool/index.js:45:11
    at process.processTicksAndRejections (node:internal/process/task_queues:104:5)
    at async getCart (file:///home/jrilym/Projects/Next/fermion-roastery/backend/controllers/cartController.js:40:20) {
  length: 105,
  severity: 'ERROR',
  code: '42703',
  detail: undefined,
  hint: undefined,
  position: '44',
  internalPosition: undefined,
  internalQuery: undefined,
  where: undefined,
  schema: undefined,
  table: undefined,
  column: undefined,
  dataType: undefined,
  constraint: undefined,
  file: 'parse_relation.c',
  line: '3822',
  routine: 'errorMissingColumn'
}
Get Cart Error: error: column p.price does not exist
    at /home/jrilym/Projects/Next/fermion-roastery/backend/node_modules/pg-pool/index.js:45:11
    at process.processTicksAndRejections (node:internal/process/task_queues:104:5)
    at async getCart (file:///home/jrilym/Projects/Next/fermion-roastery/backend/controllers/cartController.js:40:20) {
  length: 105,
  severity: 'ERROR',
  code: '42703',
  detail: undefined,
  hint: undefined,
  position: '44',
  internalPosition: undefined,
  internalQuery: undefined,
  where: undefined,
  schema: undefined,
  table: undefined,
  column: undefined,
  dataType: undefined,
  constraint: undefined,
  file: 'parse_relation.c',
  line: '3822',
  routine: 'errorMissingColumn'
}
Get Cart Error: error: column p.price does not exist
    at /home/jrilym/Projects/Next/fermion-roastery/backend/node_modules/pg-pool/index.js:45:11
    at process.processTicksAndRejections (node:internal/process/task_queues:104:5)
    at async getCart (file:///home/jrilym/Projects/Next/fermion-roastery/backend/controllers/cartController.js:40:20) {
  length: 105,
  severity: 'ERROR',
  code: '42703',
  detail: undefined,
  hint: undefined,
  position: '44',
  internalPosition: undefined,
  internalQuery: undefined,
  where: undefined,
  schema: undefined,
  table: undefined,
  column: undefined,
  dataType: undefined,
  constraint: undefined,
  file: 'parse_relation.c',
  line: '3822',
  routine: 'errorMissingColumn'
}
Get Cart Error: error: column p.price does not exist
    at /home/jrilym/Projects/Next/fermion-roastery/backend/node_modules/pg-pool/index.js:45:11
    at process.processTicksAndRejections (node:internal/process/task_queues:104:5)
    at async getCart (file:///home/jrilym/Projects/Next/fermion-roastery/backend/controllers/cartController.js:40:20) {
  length: 105,
  severity: 'ERROR',
  code: '42703',
  detail: undefined,
  hint: undefined,
  position: '44',
  internalPosition: undefined,
  internalQuery: undefined,
  where: undefined,
  schema: undefined,
  table: undefined,
  column: undefined,
  dataType: undefined,
  constraint: undefined,
  file: 'parse_relation.c',
  line: '3822',
  routine: 'errorMissingColumn'
}
Get Cart Error: error: column p.price does not exist
    at /home/jrilym/Projects/Next/fermion-roastery/backend/node_modules/pg-pool/index.js:45:11
    at process.processTicksAndRejections (node:internal/process/task_queues:104:5)
    at async getCart (file:///home/jrilym/Projects/Next/fermion-roastery/backend/controllers/cartController.js:40:20) {
  length: 105,
  severity: 'ERROR',
  code: '42703',
  detail: undefined,
  hint: undefined,
  position: '44',
  internalPosition: undefined,
  internalQuery: undefined,
  where: undefined,
  schema: undefined,
  table: undefined,
  column: undefined,
  dataType: undefined,
  constraint: undefined,
  file: 'parse_relation.c',
  line: '3822',
  routine: 'errorMissingColumn'
}
Get Cart Error: error: column p.price does not exist
    at /home/jrilym/Projects/Next/fermion-roastery/backend/node_modules/pg-pool/index.js:45:11
    at process.processTicksAndRejections (node:internal/process/task_queues:104:5)
    at async getCart (file:///home/jrilym/Projects/Next/fermion-roastery/backend/controllers/cartController.js:40:20) {
  length: 105,
  severity: 'ERROR',
  code: '42703',
  detail: undefined,
  hint: undefined,
  position: '44',
  internalPosition: undefined,
  internalQuery: undefined,
  where: undefined,
  schema: undefined,
  table: undefined,
  column: undefined,
  dataType: undefined,
  constraint: undefined,
  file: 'parse_relation.c',
  line: '3822',
  routine: 'errorMissingColumn'
}
Get Cart Error: error: column p.price does not exist
    at /home/jrilym/Projects/Next/fermion-roastery/backend/node_modules/pg-pool/index.js:45:11
    at process.processTicksAndRejections (node:internal/process/task_queues:104:5)
    at async getCart (file:///home/jrilym/Projects/Next/fermion-roastery/backend/controllers/cartController.js:40:20) {
  length: 105,
  severity: 'ERROR',
  code: '42703',
  detail: undefined,
  hint: undefined,
  position: '44',
  internalPosition: undefined,
  internalQuery: undefined,
  where: undefined,
  schema: undefined,
  table: undefined,
  column: undefined,
  dataType: undefined,
  constraint: undefined,
  file: 'parse_relation.c',
  line: '3822',
  routine: 'errorMissingColumn'
}
Get Cart Error: error: column p.price does not exist
    at /home/jrilym/Projects/Next/fermion-roastery/backend/node_modules/pg-pool/index.js:45:11
    at process.processTicksAndRejections (node:internal/process/task_queues:104:5)
    at async getCart (file:///home/jrilym/Projects/Next/fermion-roastery/backend/controllers/cartController.js:40:20) {
  length: 105,
  severity: 'ERROR',
  code: '42703',
  detail: undefined,
  hint: undefined,
  position: '44',
  internalPosition: undefined,
  internalQuery: undefined,
  where: undefined,
  schema: undefined,
  table: undefined,
  column: undefined,
  dataType: undefined,
  constraint: undefined,
  file: 'parse_relation.c',
  line: '3822',
  routine: 'errorMissingColumn'
}
Get Cart Error: error: column p.price does not exist
    at /home/jrilym/Projects/Next/fermion-roastery/backend/node_modules/pg-pool/index.js:45:11
    at process.processTicksAndRejections (node:internal/process/task_queues:104:5)
    at async getCart (file:///home/jrilym/Projects/Next/fermion-roastery/backend/controllers/cartController.js:40:20) {
  length: 105,
  severity: 'ERROR',
  code: '42703',
  detail: undefined,
  hint: undefined,
  position: '44',
  internalPosition: undefined,
  internalQuery: undefined,
  where: undefined,
  schema: undefined,
  table: undefined,
  column: undefined,
  dataType: undefined,
  constraint: undefined,
  file: 'parse_relation.c',
  line: '3822',
  routine: 'errorMissingColumn'
}
Get Cart Error: error: column p.price does not exist
    at /home/jrilym/Projects/Next/fermion-roastery/backend/node_modules/pg-pool/index.js:45:11
    at process.processTicksAndRejections (node:internal/process/task_queues:104:5)
    at async getCart (file:///home/jrilym/Projects/Next/fermion-roastery/backend/controllers/cartController.js:40:20) {
  length: 105,
  severity: 'ERROR',
  code: '42703',
  detail: undefined,
  hint: undefined,
  position: '44',
  internalPosition: undefined,
  internalQuery: undefined,
  where: undefined,
  schema: undefined,
  table: undefined,
  column: undefined,
  dataType: undefined,
  constraint: undefined,
  file: 'parse_relation.c',
  line: '3822',
  routine: 'errorMissingColumn'
}
